<?xml version="1.0" encoding="UTF-8"?>
<!-- Generated by org.testng.reporters.JUnitReportReporter -->
<testsuite hostname="LAPTOP-QRKU0A7H" failures="0" tests="2" name="apiTesting.HeadersInfo" time="1.718" errors="0" timestamp="2024-03-20T08:54:52 IST" skipped="0">
  <testcase classname="apiTesting.HeadersInfo" name="getHeadersInfo" time="1.440"/>
  <testcase classname="apiTesting.HeadersInfo" name="getHeadersInfobylog" time="0.278"/>
</testsuite> <!-- apiTesting.HeadersInfo -->
