<?xml version="1.0" encoding="UTF-8"?>
<!-- Generated by org.testng.reporters.JUnitReportReporter -->
<testsuite hostname="LAPTOP-QRKU0A7H" failures="0" tests="1" name="apiTesting.CookieInfo" time="1.523" errors="0" timestamp="2024-03-20T08:26:06 IST" skipped="0">
  <testcase classname="apiTesting.CookieInfo" name="getCookie" time="1.523"/>
</testsuite> <!-- apiTesting.CookieInfo -->
