<?xml version="1.0" encoding="UTF-8"?>
<!-- Generated by org.testng.reporters.JUnitReportReporter -->
<testsuite hostname="LAPTOP-QRKU0A7H" failures="0" tests="2" name="apiTesting.ParseJson" time="2.215" errors="0" timestamp="2024-03-21T08:52:40 IST" skipped="0">
  <testcase classname="apiTesting.ParseJson" name="testJsonResponse" time="2.056"/>
  <testcase classname="apiTesting.ParseJson" name="testJsonResponsevalidate" time="0.159"/>
</testsuite> <!-- apiTesting.ParseJson -->
