<?xml version="1.0" encoding="UTF-8"?>
<!-- Generated by org.testng.reporters.JUnitReportReporter -->
<testsuite hostname="LAPTOP-QRKU0A7H" failures="0" tests="1" name="com.qa.test.GetAPITest" time="0.980" errors="0" timestamp="2024-02-27T09:01:49 IST" skipped="0">
  <testcase classname="com.qa.test.GetAPITest" name="getAPITest" time="0.980"/>
</testsuite> <!-- com.qa.test.GetAPITest -->
